{
  "C:\\Users\\wesle\\OneDrive\\Área de Trabalho\\TS-NODE\\src\\app.ts": {
    "path": "C:\\Users\\wesle\\OneDrive\\Área de Trabalho\\TS-NODE\\src\\app.ts",
    "statementMap": {
      "0": {
        "start": { "line": 1, "column": 0 },
        "end": { "line": 1, "column": 30 }
      },
      "1": {
        "start": { "line": 2, "column": 0 },
        "end": { "line": 2, "column": 43 }
      },
      "2": {
        "start": { "line": 3, "column": 0 },
        "end": { "line": 3, "column": 24 }
      },
      "3": {
        "start": { "line": 4, "column": 0 },
        "end": { "line": 4, "column": 30 }
      },
      "4": {
        "start": { "line": 5, "column": 0 },
        "end": { "line": 5, "column": 46 }
      },
      "5": {
        "start": { "line": 6, "column": 0 },
        "end": { "line": 6, "column": 66 }
      },
      "6": {
        "start": { "line": 9, "column": 2 },
        "end": { "line": 9, "column": 35 }
      },
      "7": {
        "start": { "line": 10, "column": 14 },
        "end": { "line": 10, "column": 23 }
      },
      "8": {
        "start": { "line": 12, "column": 2 },
        "end": { "line": 12, "column": 18 }
      },
      "9": {
        "start": { "line": 13, "column": 2 },
        "end": { "line": 13, "column": 26 }
      },
      "10": {
        "start": { "line": 14, "column": 2 },
        "end": { "line": 14, "column": 18 }
      },
      "11": {
        "start": { "line": 15, "column": 2 },
        "end": { "line": 15, "column": 27 }
      },
      "12": {
        "start": { "line": 17, "column": 2 },
        "end": { "line": 17, "column": 13 }
      },
      "13": {
        "start": { "line": 8, "column": 0 },
        "end": { "line": 8, "column": 7 }
      }
    },
    "fnMap": {
      "0": {
        "name": "setup",
        "decl": {
          "start": { "line": 8, "column": 22 },
          "end": { "line": 8, "column": 27 }
        },
        "loc": {
          "start": { "line": 8, "column": 27 },
          "end": { "line": 18, "column": 1 }
        }
      }
    },
    "branchMap": {},
    "s": {
      "0": 1,
      "1": 1,
      "2": 1,
      "3": 1,
      "4": 1,
      "5": 1,
      "6": 1,
      "7": 1,
      "8": 1,
      "9": 1,
      "10": 1,
      "11": 1,
      "12": 1,
      "13": 1
    },
    "f": { "0": 1 },
    "b": {}
  },
  "C:\\Users\\wesle\\OneDrive\\Área de Trabalho\\TS-NODE\\src\\data-source.ts": {
    "path": "C:\\Users\\wesle\\OneDrive\\Área de Trabalho\\TS-NODE\\src\\data-source.ts",
    "statementMap": {
      "0": {
        "start": { "line": 1, "column": 0 },
        "end": { "line": 1, "column": 37 }
      },
      "1": {
        "start": { "line": 2, "column": 0 },
        "end": { "line": 2, "column": 58 }
      },
      "2": {
        "start": { "line": 3, "column": 0 },
        "end": { "line": 3, "column": 58 }
      },
      "3": {
        "start": { "line": 4, "column": 0 },
        "end": { "line": 4, "column": 56 }
      },
      "4": {
        "start": { "line": 5, "column": 0 },
        "end": { "line": 5, "column": 52 }
      },
      "5": {
        "start": { "line": 6, "column": 0 },
        "end": { "line": 6, "column": 26 }
      },
      "6": {
        "start": { "line": 8, "column": 13 },
        "end": { "line": 20, "column": 3 }
      }
    },
    "fnMap": {},
    "branchMap": {},
    "s": { "0": 1, "1": 1, "2": 1, "3": 1, "4": 1, "5": 1, "6": 1 },
    "f": {},
    "b": {}
  },
  "C:\\Users\\wesle\\OneDrive\\Área de Trabalho\\TS-NODE\\src\\routes.ts": {
    "path": "C:\\Users\\wesle\\OneDrive\\Área de Trabalho\\TS-NODE\\src\\routes.ts",
    "statementMap": {
      "0": {
        "start": { "line": 1, "column": 0 },
        "end": { "line": 1, "column": 33 }
      },
      "1": {
        "start": { "line": 2, "column": 0 },
        "end": { "line": 2, "column": 69 }
      },
      "2": {
        "start": { "line": 4, "column": 15 },
        "end": { "line": 4, "column": 23 }
      },
      "3": {
        "start": { "line": 5, "column": 26 },
        "end": { "line": 5, "column": 49 }
      },
      "4": {
        "start": { "line": 7, "column": 0 },
        "end": { "line": 7, "column": 50 }
      },
      "5": {
        "start": { "line": 8, "column": 0 },
        "end": { "line": 8, "column": 58 }
      },
      "6": {
        "start": { "line": 10, "column": 0 },
        "end": { "line": 10, "column": 22 }
      }
    },
    "fnMap": {},
    "branchMap": {},
    "s": { "0": 1, "1": 1, "2": 1, "3": 1, "4": 1, "5": 1, "6": 1 },
    "f": {},
    "b": {}
  },
  "C:\\Users\\wesle\\OneDrive\\Área de Trabalho\\TS-NODE\\src\\controllers\\pokemon-controller.ts": {
    "path": "C:\\Users\\wesle\\OneDrive\\Área de Trabalho\\TS-NODE\\src\\controllers\\pokemon-controller.ts",
    "statementMap": {
      "0": {
        "start": { "line": 2, "column": 0 },
        "end": { "line": 2, "column": 61 }
      },
      "1": {
        "start": { "line": 6, "column": 19 },
        "end": { "line": 6, "column": 48 }
      },
      "2": {
        "start": { "line": 7, "column": 18 },
        "end": { "line": 7, "column": 47 }
      },
      "3": {
        "start": { "line": 9, "column": 19 },
        "end": { "line": 9, "column": 67 }
      },
      "4": {
        "start": { "line": 11, "column": 4 },
        "end": { "line": 11, "column": 21 }
      },
      "5": {
        "start": { "line": 15, "column": 25 },
        "end": { "line": 15, "column": 43 }
      },
      "6": {
        "start": { "line": 17, "column": 19 },
        "end": { "line": 17, "column": 61 }
      },
      "7": {
        "start": { "line": 19, "column": 4 },
        "end": { "line": 19, "column": 21 }
      },
      "8": {
        "start": { "line": 4, "column": 0 },
        "end": { "line": 4, "column": 13 }
      }
    },
    "fnMap": {
      "0": {
        "name": "(anonymous_0)",
        "decl": {
          "start": { "line": 5, "column": 2 },
          "end": { "line": 5, "column": 7 }
        },
        "loc": {
          "start": { "line": 5, "column": 42 },
          "end": { "line": 12, "column": 3 }
        }
      },
      "1": {
        "name": "(anonymous_1)",
        "decl": {
          "start": { "line": 14, "column": 2 },
          "end": { "line": 14, "column": 7 }
        },
        "loc": {
          "start": { "line": 14, "column": 42 },
          "end": { "line": 20, "column": 3 }
        }
      }
    },
    "branchMap": {
      "0": {
        "loc": {
          "start": { "line": 6, "column": 19 },
          "end": { "line": 6, "column": 48 }
        },
        "type": "binary-expr",
        "locations": [
          {
            "start": { "line": 6, "column": 19 },
            "end": { "line": 6, "column": 43 }
          },
          {
            "start": { "line": 6, "column": 47 },
            "end": { "line": 6, "column": 48 }
          }
        ]
      },
      "1": {
        "loc": {
          "start": { "line": 7, "column": 18 },
          "end": { "line": 7, "column": 47 }
        },
        "type": "binary-expr",
        "locations": [
          {
            "start": { "line": 7, "column": 18 },
            "end": { "line": 7, "column": 41 }
          },
          {
            "start": { "line": 7, "column": 45 },
            "end": { "line": 7, "column": 47 }
          }
        ]
      }
    },
    "s": {
      "0": 1,
      "1": 1,
      "2": 1,
      "3": 1,
      "4": 1,
      "5": 1,
      "6": 1,
      "7": 1,
      "8": 1
    },
    "f": { "0": 1, "1": 1 },
    "b": { "0": [1, 1], "1": [1, 1] }
  },
  "C:\\Users\\wesle\\OneDrive\\Área de Trabalho\\TS-NODE\\src\\entities\\ability-entity.ts": {
    "path": "C:\\Users\\wesle\\OneDrive\\Área de Trabalho\\TS-NODE\\src\\entities\\ability-entity.ts",
    "statementMap": {
      "0": {
        "start": { "line": 1, "column": 0 },
        "end": { "line": 1, "column": 77 }
      },
      "1": {
        "start": { "line": 2, "column": 0 },
        "end": { "line": 2, "column": 49 }
      },
      "2": {
        "start": { "line": 5, "column": 0 },
        "end": { "line": 17, "column": null }
      },
      "3": {
        "start": { "line": 7, "column": 2 },
        "end": { "line": 7, "column": null }
      },
      "4": {
        "start": { "line": 10, "column": 2 },
        "end": { "line": 10, "column": null }
      },
      "5": {
        "start": { "line": 13, "column": 2 },
        "end": { "line": 13, "column": null }
      },
      "6": {
        "start": { "line": 16, "column": 2 },
        "end": { "line": 16, "column": null }
      },
      "7": {
        "start": { "line": 15, "column": 20 },
        "end": { "line": 15, "column": 33 }
      },
      "8": {
        "start": { "line": 15, "column": 48 },
        "end": { "line": 15, "column": 65 }
      },
      "9": {
        "start": { "line": 5, "column": 13 },
        "end": { "line": 17, "column": null }
      },
      "10": {
        "start": { "line": 5, "column": 13 },
        "end": { "line": 5, "column": 26 }
      }
    },
    "fnMap": {
      "0": {
        "name": "(anonymous_2)",
        "decl": {
          "start": { "line": 15, "column": 14 },
          "end": { "line": 15, "column": 17 }
        },
        "loc": {
          "start": { "line": 15, "column": 20 },
          "end": { "line": 15, "column": 33 }
        }
      },
      "1": {
        "name": "(anonymous_3)",
        "decl": {
          "start": { "line": 15, "column": 35 },
          "end": { "line": 15, "column": 36 }
        },
        "loc": {
          "start": { "line": 15, "column": 48 },
          "end": { "line": 15, "column": 65 }
        }
      }
    },
    "branchMap": {},
    "s": {
      "0": 1,
      "1": 1,
      "2": 1,
      "3": 1,
      "4": 1,
      "5": 1,
      "6": 1,
      "7": 1,
      "8": 1,
      "9": 1,
      "10": 1
    },
    "f": { "0": 1, "1": 1 },
    "b": {}
  },
  "C:\\Users\\wesle\\OneDrive\\Área de Trabalho\\TS-NODE\\src\\entities\\pokemon-entity.ts": {
    "path": "C:\\Users\\wesle\\OneDrive\\Área de Trabalho\\TS-NODE\\src\\entities\\pokemon-entity.ts",
    "statementMap": {
      "0": {
        "start": { "line": 1, "column": 0 },
        "end": { "line": 1, "column": null }
      },
      "1": {
        "start": { "line": 9, "column": 0 },
        "end": { "line": 9, "column": 49 }
      },
      "2": {
        "start": { "line": 10, "column": 0 },
        "end": { "line": 10, "column": 47 }
      },
      "3": {
        "start": { "line": 11, "column": 0 },
        "end": { "line": 11, "column": 43 }
      },
      "4": {
        "start": { "line": 14, "column": 0 },
        "end": { "line": 38, "column": null }
      },
      "5": {
        "start": { "line": 16, "column": 2 },
        "end": { "line": 16, "column": null }
      },
      "6": {
        "start": { "line": 19, "column": 2 },
        "end": { "line": 19, "column": null }
      },
      "7": {
        "start": { "line": 25, "column": 2 },
        "end": { "line": 25, "column": null }
      },
      "8": {
        "start": { "line": 21, "column": 20 },
        "end": { "line": 21, "column": 33 }
      },
      "9": {
        "start": { "line": 21, "column": 48 },
        "end": { "line": 21, "column": 64 }
      },
      "10": {
        "start": { "line": 31, "column": 2 },
        "end": { "line": 31, "column": null }
      },
      "11": {
        "start": { "line": 27, "column": 19 },
        "end": { "line": 27, "column": 31 }
      },
      "12": {
        "start": { "line": 27, "column": 45 },
        "end": { "line": 27, "column": 59 }
      },
      "13": {
        "start": { "line": 37, "column": 2 },
        "end": { "line": 37, "column": null }
      },
      "14": {
        "start": { "line": 33, "column": 20 },
        "end": { "line": 33, "column": 30 }
      },
      "15": {
        "start": { "line": 33, "column": 42 },
        "end": { "line": 33, "column": 55 }
      },
      "16": {
        "start": { "line": 14, "column": 13 },
        "end": { "line": 38, "column": null }
      },
      "17": {
        "start": { "line": 14, "column": 13 },
        "end": { "line": 14, "column": 26 }
      }
    },
    "fnMap": {
      "0": {
        "name": "(anonymous_2)",
        "decl": {
          "start": { "line": 21, "column": 14 },
          "end": { "line": 21, "column": 17 }
        },
        "loc": {
          "start": { "line": 21, "column": 20 },
          "end": { "line": 21, "column": 33 }
        }
      },
      "1": {
        "name": "(anonymous_3)",
        "decl": {
          "start": { "line": 21, "column": 35 },
          "end": { "line": 21, "column": 36 }
        },
        "loc": {
          "start": { "line": 21, "column": 48 },
          "end": { "line": 21, "column": 64 }
        }
      },
      "2": {
        "name": "(anonymous_4)",
        "decl": {
          "start": { "line": 27, "column": 13 },
          "end": { "line": 27, "column": 16 }
        },
        "loc": {
          "start": { "line": 27, "column": 19 },
          "end": { "line": 27, "column": 31 }
        }
      },
      "3": {
        "name": "(anonymous_5)",
        "decl": {
          "start": { "line": 27, "column": 33 },
          "end": { "line": 27, "column": 34 }
        },
        "loc": {
          "start": { "line": 27, "column": 45 },
          "end": { "line": 27, "column": 59 }
        }
      },
      "4": {
        "name": "(anonymous_6)",
        "decl": {
          "start": { "line": 33, "column": 14 },
          "end": { "line": 33, "column": 17 }
        },
        "loc": {
          "start": { "line": 33, "column": 20 },
          "end": { "line": 33, "column": 30 }
        }
      },
      "5": {
        "name": "(anonymous_7)",
        "decl": {
          "start": { "line": 33, "column": 32 },
          "end": { "line": 33, "column": 33 }
        },
        "loc": {
          "start": { "line": 33, "column": 42 },
          "end": { "line": 33, "column": 55 }
        }
      }
    },
    "branchMap": {},
    "s": {
      "0": 1,
      "1": 1,
      "2": 1,
      "3": 1,
      "4": 1,
      "5": 1,
      "6": 1,
      "7": 1,
      "8": 1,
      "9": 1,
      "10": 1,
      "11": 1,
      "12": 1,
      "13": 1,
      "14": 1,
      "15": 1,
      "16": 1,
      "17": 1
    },
    "f": { "0": 1, "1": 1, "2": 1, "3": 1, "4": 1, "5": 1 },
    "b": {}
  },
  "C:\\Users\\wesle\\OneDrive\\Área de Trabalho\\TS-NODE\\src\\entities\\sprite-entity.ts": {
    "path": "C:\\Users\\wesle\\OneDrive\\Área de Trabalho\\TS-NODE\\src\\entities\\sprite-entity.ts",
    "statementMap": {
      "0": {
        "start": { "line": 1, "column": 0 },
        "end": { "line": 1, "column": 76 }
      },
      "1": {
        "start": { "line": 2, "column": 0 },
        "end": { "line": 2, "column": 49 }
      },
      "2": {
        "start": { "line": 5, "column": 0 },
        "end": { "line": 17, "column": null }
      },
      "3": {
        "start": { "line": 7, "column": 2 },
        "end": { "line": 7, "column": null }
      },
      "4": {
        "start": { "line": 10, "column": 2 },
        "end": { "line": 10, "column": null }
      },
      "5": {
        "start": { "line": 13, "column": 2 },
        "end": { "line": 13, "column": null }
      },
      "6": {
        "start": { "line": 16, "column": 2 },
        "end": { "line": 16, "column": null }
      },
      "7": {
        "start": { "line": 15, "column": 19 },
        "end": { "line": 15, "column": 32 }
      },
      "8": {
        "start": { "line": 15, "column": 47 },
        "end": { "line": 15, "column": 62 }
      },
      "9": {
        "start": { "line": 5, "column": 13 },
        "end": { "line": 17, "column": null }
      },
      "10": {
        "start": { "line": 5, "column": 13 },
        "end": { "line": 5, "column": 25 }
      }
    },
    "fnMap": {
      "0": {
        "name": "(anonymous_2)",
        "decl": {
          "start": { "line": 15, "column": 13 },
          "end": { "line": 15, "column": 16 }
        },
        "loc": {
          "start": { "line": 15, "column": 19 },
          "end": { "line": 15, "column": 32 }
        }
      },
      "1": {
        "name": "(anonymous_3)",
        "decl": {
          "start": { "line": 15, "column": 34 },
          "end": { "line": 15, "column": 35 }
        },
        "loc": {
          "start": { "line": 15, "column": 47 },
          "end": { "line": 15, "column": 62 }
        }
      }
    },
    "branchMap": {},
    "s": {
      "0": 1,
      "1": 1,
      "2": 1,
      "3": 1,
      "4": 1,
      "5": 1,
      "6": 1,
      "7": 1,
      "8": 1,
      "9": 1,
      "10": 1
    },
    "f": { "0": 1, "1": 1 },
    "b": {}
  },
  "C:\\Users\\wesle\\OneDrive\\Área de Trabalho\\TS-NODE\\src\\entities\\type-entity.ts": {
    "path": "C:\\Users\\wesle\\OneDrive\\Área de Trabalho\\TS-NODE\\src\\entities\\type-entity.ts",
    "statementMap": {
      "0": {
        "start": { "line": 1, "column": 0 },
        "end": { "line": 1, "column": 77 }
      },
      "1": {
        "start": { "line": 2, "column": 0 },
        "end": { "line": 2, "column": 49 }
      },
      "2": {
        "start": { "line": 5, "column": 0 },
        "end": { "line": 14, "column": null }
      },
      "3": {
        "start": { "line": 7, "column": 2 },
        "end": { "line": 7, "column": null }
      },
      "4": {
        "start": { "line": 10, "column": 2 },
        "end": { "line": 10, "column": null }
      },
      "5": {
        "start": { "line": 13, "column": 2 },
        "end": { "line": 13, "column": null }
      },
      "6": {
        "start": { "line": 12, "column": 20 },
        "end": { "line": 12, "column": 33 }
      },
      "7": {
        "start": { "line": 12, "column": 48 },
        "end": { "line": 12, "column": 61 }
      },
      "8": {
        "start": { "line": 5, "column": 13 },
        "end": { "line": 14, "column": null }
      },
      "9": {
        "start": { "line": 5, "column": 13 },
        "end": { "line": 5, "column": 23 }
      }
    },
    "fnMap": {
      "0": {
        "name": "(anonymous_2)",
        "decl": {
          "start": { "line": 12, "column": 14 },
          "end": { "line": 12, "column": 17 }
        },
        "loc": {
          "start": { "line": 12, "column": 20 },
          "end": { "line": 12, "column": 33 }
        }
      },
      "1": {
        "name": "(anonymous_3)",
        "decl": {
          "start": { "line": 12, "column": 35 },
          "end": { "line": 12, "column": 36 }
        },
        "loc": {
          "start": { "line": 12, "column": 48 },
          "end": { "line": 12, "column": 61 }
        }
      }
    },
    "branchMap": {},
    "s": {
      "0": 1,
      "1": 1,
      "2": 1,
      "3": 1,
      "4": 1,
      "5": 1,
      "6": 1,
      "7": 1,
      "8": 1,
      "9": 1
    },
    "f": { "0": 1, "1": 1 },
    "b": {}
  },
  "C:\\Users\\wesle\\OneDrive\\Área de Trabalho\\TS-NODE\\src\\helpers\\api-errors.ts": {
    "path": "C:\\Users\\wesle\\OneDrive\\Área de Trabalho\\TS-NODE\\src\\helpers\\api-errors.ts",
    "statementMap": {
      "0": {
        "start": { "line": 5, "column": 4 },
        "end": { "line": 5, "column": 19 }
      },
      "1": {
        "start": { "line": 6, "column": 4 },
        "end": { "line": 6, "column": 33 }
      },
      "2": {
        "start": { "line": 1, "column": 0 },
        "end": { "line": 1, "column": 13 }
      },
      "3": {
        "start": { "line": 12, "column": 4 },
        "end": { "line": 12, "column": 24 }
      },
      "4": {
        "start": { "line": 10, "column": 0 },
        "end": { "line": 10, "column": 13 }
      },
      "5": {
        "start": { "line": 18, "column": 4 },
        "end": { "line": 18, "column": 24 }
      },
      "6": {
        "start": { "line": 16, "column": 0 },
        "end": { "line": 16, "column": 13 }
      },
      "7": {
        "start": { "line": 24, "column": 4 },
        "end": { "line": 24, "column": 24 }
      },
      "8": {
        "start": { "line": 22, "column": 0 },
        "end": { "line": 22, "column": 13 }
      }
    },
    "fnMap": {
      "0": {
        "name": "(anonymous_0)",
        "decl": {
          "start": { "line": 4, "column": 2 },
          "end": { "line": 4, "column": 14 }
        },
        "loc": {
          "start": { "line": 4, "column": 49 },
          "end": { "line": 7, "column": 3 }
        }
      },
      "1": {
        "name": "(anonymous_1)",
        "decl": {
          "start": { "line": 11, "column": 2 },
          "end": { "line": 11, "column": 14 }
        },
        "loc": {
          "start": { "line": 11, "column": 29 },
          "end": { "line": 13, "column": 3 }
        }
      },
      "2": {
        "name": "(anonymous_2)",
        "decl": {
          "start": { "line": 17, "column": 2 },
          "end": { "line": 17, "column": 14 }
        },
        "loc": {
          "start": { "line": 17, "column": 29 },
          "end": { "line": 19, "column": 3 }
        }
      },
      "3": {
        "name": "(anonymous_3)",
        "decl": {
          "start": { "line": 23, "column": 2 },
          "end": { "line": 23, "column": 14 }
        },
        "loc": {
          "start": { "line": 23, "column": 29 },
          "end": { "line": 25, "column": 3 }
        }
      }
    },
    "branchMap": {},
    "s": {
      "0": 0,
      "1": 0,
      "2": 1,
      "3": 0,
      "4": 1,
      "5": 0,
      "6": 1,
      "7": 0,
      "8": 1
    },
    "f": { "0": 0, "1": 0, "2": 0, "3": 0 },
    "b": {}
  },
  "C:\\Users\\wesle\\OneDrive\\Área de Trabalho\\TS-NODE\\src\\middlewares\\error-middlewares.ts": {
    "path": "C:\\Users\\wesle\\OneDrive\\Área de Trabalho\\TS-NODE\\src\\middlewares\\error-middlewares.ts",
    "statementMap": {
      "0": {
        "start": { "line": 4, "column": 31 },
        "end": { "line": 13, "column": 1 }
      },
      "1": {
        "start": { "line": 10, "column": 21 },
        "end": { "line": 10, "column": 44 }
      },
      "2": {
        "start": { "line": 11, "column": 18 },
        "end": { "line": 11, "column": 76 }
      },
      "3": {
        "start": { "line": 12, "column": 2 },
        "end": { "line": 12, "column": 50 }
      },
      "4": {
        "start": { "line": 4, "column": 13 },
        "end": { "line": 4, "column": 31 }
      }
    },
    "fnMap": {
      "0": {
        "name": "(anonymous_0)",
        "decl": {
          "start": { "line": 4, "column": 31 },
          "end": { "line": 4, "column": null }
        },
        "loc": {
          "start": { "line": 9, "column": 4 },
          "end": { "line": 13, "column": 1 }
        }
      }
    },
    "branchMap": {
      "0": {
        "loc": {
          "start": { "line": 10, "column": 21 },
          "end": { "line": 10, "column": 44 }
        },
        "type": "binary-expr",
        "locations": [
          {
            "start": { "line": 10, "column": 21 },
            "end": { "line": 10, "column": 37 }
          },
          {
            "start": { "line": 10, "column": 41 },
            "end": { "line": 10, "column": 44 }
          }
        ]
      },
      "1": {
        "loc": {
          "start": { "line": 11, "column": 18 },
          "end": { "line": 11, "column": 76 }
        },
        "type": "cond-expr",
        "locations": [
          {
            "start": { "line": 11, "column": 37 },
            "end": { "line": 11, "column": 50 }
          },
          {
            "start": { "line": 11, "column": 53 },
            "end": { "line": 11, "column": 76 }
          }
        ]
      }
    },
    "s": { "0": 1, "1": 0, "2": 0, "3": 0, "4": 1 },
    "f": { "0": 0 },
    "b": { "0": [0, 0], "1": [0, 0] }
  },
  "C:\\Users\\wesle\\OneDrive\\Área de Trabalho\\TS-NODE\\src\\services\\pokemon-service.ts": {
    "path": "C:\\Users\\wesle\\OneDrive\\Área de Trabalho\\TS-NODE\\src\\services\\pokemon-service.ts",
    "statementMap": {
      "0": {
        "start": { "line": 1, "column": 0 },
        "end": { "line": 1, "column": 47 }
      },
      "1": {
        "start": { "line": 2, "column": 0 },
        "end": { "line": 2, "column": 59 }
      },
      "2": {
        "start": { "line": 3, "column": 0 },
        "end": { "line": 3, "column": 54 }
      },
      "3": {
        "start": { "line": 13, "column": 19 },
        "end": { "line": 20, "column": 6 }
      },
      "4": {
        "start": { "line": 22, "column": 4 },
        "end": { "line": 27, "column": 6 }
      },
      "5": {
        "start": { "line": 31, "column": 21 },
        "end": { "line": 31, "column": 38 }
      },
      "6": {
        "start": { "line": 33, "column": 4 },
        "end": { "line": 35, "column": null }
      },
      "7": {
        "start": { "line": 34, "column": 6 },
        "end": { "line": 34, "column": 38 }
      },
      "8": {
        "start": { "line": 37, "column": 19 },
        "end": { "line": 40, "column": 6 }
      },
      "9": {
        "start": { "line": 41, "column": 4 },
        "end": { "line": 43, "column": null }
      },
      "10": {
        "start": { "line": 42, "column": 6 },
        "end": { "line": 42, "column": 56 }
      },
      "11": {
        "start": { "line": 45, "column": 4 },
        "end": { "line": 45, "column": 18 }
      },
      "12": {
        "start": { "line": 8, "column": 0 },
        "end": { "line": 8, "column": 13 }
      }
    },
    "fnMap": {
      "0": {
        "name": "(anonymous_0)",
        "decl": {
          "start": { "line": 9, "column": 2 },
          "end": { "line": 9, "column": 7 }
        },
        "loc": {
          "start": { "line": 11, "column": 17 },
          "end": { "line": 28, "column": 3 }
        }
      },
      "1": {
        "name": "(anonymous_1)",
        "decl": {
          "start": { "line": 30, "column": 2 },
          "end": { "line": 30, "column": 7 }
        },
        "loc": {
          "start": { "line": 30, "column": 30 },
          "end": { "line": 46, "column": 3 }
        }
      }
    },
    "branchMap": {
      "0": {
        "loc": {
          "start": { "line": 33, "column": 4 },
          "end": { "line": 35, "column": null }
        },
        "type": "if",
        "locations": [
          {
            "start": { "line": 33, "column": 4 },
            "end": { "line": 35, "column": null }
          }
        ]
      },
      "1": {
        "loc": {
          "start": { "line": 41, "column": 4 },
          "end": { "line": 43, "column": null }
        },
        "type": "if",
        "locations": [
          {
            "start": { "line": 41, "column": 4 },
            "end": { "line": 43, "column": null }
          }
        ]
      }
    },
    "s": {
      "0": 1,
      "1": 1,
      "2": 1,
      "3": 1,
      "4": 1,
      "5": 1,
      "6": 1,
      "7": 1,
      "8": 1,
      "9": 1,
      "10": 0,
      "11": 1,
      "12": 1
    },
    "f": { "0": 1, "1": 1 },
    "b": { "0": [1], "1": [0] }
  }
}
